###############################################################################
#                                                                             #
# IAR ANSI C/C++ Compiler V6.30.1.53127/W32 for ARM     28/Nov/2012  13:18:54 #
# Copyright 1999-2011 IAR Systems AB.                                         #
#                                                                             #
#    Cpu mode     =  thumb                                                    #
#    Endian       =  little                                                   #
#    Source file  =  D:\IAR_workapace\new_car_B\test\2012.11.27，\src\Sources #
#                    \C\isr.c                                                 #
#    Command line =  D:\IAR_workapace\new_car_B\test\2012.11.27，\src\Sources #
#                    \C\isr.c -D IAR -D TWR_K60N512 -lCN                      #
#                    D:\IAR_workapace\new_car_B\test\2012.11.27，\bin\Flash\L #
#                    ist\ -lB D:\IAR_workapace\new_car_B\test\2012.11.27，\bi #
#                    n\Flash\List\ -o D:\IAR_workapace\new_car_B\test\2012.11 #
#                    .27，\bin\Flash\Obj\ --no_cse --no_unroll --no_inline    #
#                    --no_code_motion --no_tbaa --no_clustering               #
#                    --no_scheduling --debug --endian=little --cpu=Cortex-M4  #
#                    -e --fpu=None --dlib_config                              #
#                    D:\IAR\arm\INC\c\DLib_Config_Normal.h -I                 #
#                    D:\IAR_workapace\new_car_B\test\2012.11.27，\src\Sources #
#                    \H\ -I D:\IAR_workapace\new_car_B\test\2012.11.27，\src\ #
#                    Sources\H\Component_H\ -I D:\IAR_workapace\new_car_B\tes #
#                    t\2012.11.27，\src\Sources\H\Frame_H\ -Ol                #
#                    --use_c++_inline                                         #
#    List file    =  D:\IAR_workapace\new_car_B\test\2012.11.27，\bin\Flash\L #
#                    ist\isr.lst                                              #
#    Object file  =  D:\IAR_workapace\new_car_B\test\2012.11.27，\bin\Flash\O #
#                    bj\isr.o                                                 #
#                                                                             #
#                                                                             #
###############################################################################

D:\IAR_workapace\new_car_B\test\2012.11.27，\src\Sources\C\isr.c
      1          //-------------------------------------------------------------------------*
      2          // 文件名: isr.c                                                           *
      3          // 说  明: 中断处理例程                                                    *
      4          //---------------苏州大学飞思卡尔嵌入式系统实验室2011年--------------------*
      5          
      6          #include "includes.h"


 

 


Errors: none
Warnings: none
