###############################################################################
#                                                                             #
# IAR ANSI C/C++ Compiler V6.30.1.53127/W32 for ARM     13/Aug/2013  20:22:03 #
# Copyright 1999-2011 IAR Systems AB.                                         #
#                                                                             #
#    Cpu mode     =  thumb                                                    #
#    Endian       =  little                                                   #
#    Source file  =  F:\资料\小车\国际赛事\0813\src\Sources\C\Component_C\uar #
#                    t.c                                                      #
#    Command line =  F:\资料\小车\国际赛事\0813\src\Sources\C\Component_C\uar #
#                    t.c -D IAR -D TWR_K60N512 -lCN                           #
#                    F:\资料\小车\国际赛事\0813\bin\Flash\List\ -lB           #
#                    F:\资料\小车\国际赛事\0813\bin\Flash\List\ -o            #
#                    F:\资料\小车\国际赛事\0813\bin\Flash\Obj\ --no_cse       #
#                    --no_unroll --no_inline --no_code_motion --no_tbaa       #
#                    --no_clustering --no_scheduling --debug --endian=little  #
#                    --cpu=Cortex-M4 -e --fpu=None --dlib_config              #
#                    "E:\CD-EWARM-6301-3142 (1)\arm\INC\c\DLib_Config_Normal. #
#                    h" -I F:\资料\小车\国际赛事\0813\src\Sources\H\ -I       #
#                    F:\资料\小车\国际赛事\0813\src\Sources\H\Component_H\    #
#                    -I F:\资料\小车\国际赛事\0813\src\Sources\H\Frame_H\     #
#                    -Ol --use_c++_inline                                     #
#    List file    =  F:\资料\小车\国际赛事\0813\bin\Flash\List\uart.lst       #
#    Object file  =  F:\资料\小车\国际赛事\0813\bin\Flash\Obj\uart.o          #
#                                                                             #
#                                                                             #
###############################################################################

F:\资料\小车\国际赛事\0813\src\Sources\C\Component_C\uart.c
      1          //-------------------------------------------------------------------------*
      2          // 文件名: uart.c                                                          *
      3          // 说  明: uart构件源文件                                                  *
      4          //-------------------------------------------------------------------------*
      5          
      6          #include "uart.h"
      7          
      8          //-------------------------------------------------------------------------*
      9          //函数名: uart_init                                                        *
     10          //功  能: 初始化uartx模块。                                                *
     11          //参  数: uartch:串口号                                                    *
     12          //        sysclk:系统总线时钟，以MHz为单位                                 *
     13          //        baud:波特率，如9600，38400等，一般来说，速度越慢，通信越稳       *
     14          //返  回: 无                                                               *
     15          //说  明:                                                                  *
     16          //-------------------------------------------------------------------------*

   \                                 In section .text, align 2, keep-with-next
     17          void uart_init (UART_MemMapPtr uartch, uint32 sysclk, uint32 baud)
     18          {
   \                     uart_init:
   \   00000000   0xB430             PUSH     {R4,R5}
     19          	register uint16 sbr, brfa;
     20          	uint8 temp;
     21          
     22          	//使能引脚
     23          	if (uartch == UART0_BASE_PTR)
   \   00000002   0x....             LDR.N    R3,??DataTable1  ;; 0x4006a000
   \   00000004   0x4298             CMP      R0,R3
   \   00000006   0xD108             BNE.N    ??uart_init_0
     24          	{
     25          		//在PTD6上使能UART0_TXD功能
     26          		PORTD_PCR6 = PORT_PCR_MUX(0x3);
   \   00000008   0x....             LDR.N    R3,??DataTable1_1  ;; 0x4004c018
   \   0000000A   0xF44F 0x7440      MOV      R4,#+768
   \   0000000E   0x601C             STR      R4,[R3, #+0]
     27          		//在PTD7上使能UART0_RXD
     28          		PORTD_PCR7 = PORT_PCR_MUX(0x3); 
   \   00000010   0x....             LDR.N    R3,??DataTable1_2  ;; 0x4004c01c
   \   00000012   0xF44F 0x7440      MOV      R4,#+768
   \   00000016   0x601C             STR      R4,[R3, #+0]
   \   00000018   0xE03A             B.N      ??uart_init_1
     29          	}else if (uartch == UART1_BASE_PTR)
   \                     ??uart_init_0:
   \   0000001A   0x....             LDR.N    R3,??DataTable1_3  ;; 0x4006b000
   \   0000001C   0x4298             CMP      R0,R3
   \   0000001E   0xD108             BNE.N    ??uart_init_2
     30          	{
     31          		//在PTC4上使能UART1_TXD功能
     32          		PORTC_PCR4 = PORT_PCR_MUX(0x3); 
   \   00000020   0x....             LDR.N    R3,??DataTable1_4  ;; 0x4004b010
   \   00000022   0xF44F 0x7440      MOV      R4,#+768
   \   00000026   0x601C             STR      R4,[R3, #+0]
     33          		
     34          		//在PTC3上使能UART1_RXD
     35          		PORTC_PCR3 = PORT_PCR_MUX(0x3); 
   \   00000028   0x....             LDR.N    R3,??DataTable1_5  ;; 0x4004b00c
   \   0000002A   0xF44F 0x7440      MOV      R4,#+768
   \   0000002E   0x601C             STR      R4,[R3, #+0]
   \   00000030   0xE02E             B.N      ??uart_init_1
     36          	}else if (uartch == UART2_BASE_PTR)
   \                     ??uart_init_2:
   \   00000032   0x....             LDR.N    R3,??DataTable1_6  ;; 0x4006c000
   \   00000034   0x4298             CMP      R0,R3
   \   00000036   0xD108             BNE.N    ??uart_init_3
     37          	{
     38          		//在PTD3上使能UART2_TXD功能
     39          		PORTD_PCR3 = PORT_PCR_MUX(0x3); 
   \   00000038   0x....             LDR.N    R3,??DataTable1_7  ;; 0x4004c00c
   \   0000003A   0xF44F 0x7440      MOV      R4,#+768
   \   0000003E   0x601C             STR      R4,[R3, #+0]
     40          		//在PTD2上使能UART2_RXD
     41          		PORTD_PCR2 = PORT_PCR_MUX(0x3); 
   \   00000040   0x....             LDR.N    R3,??DataTable1_8  ;; 0x4004c008
   \   00000042   0xF44F 0x7440      MOV      R4,#+768
   \   00000046   0x601C             STR      R4,[R3, #+0]
   \   00000048   0xE022             B.N      ??uart_init_1
     42          	}else if (uartch == UART3_BASE_PTR)
   \                     ??uart_init_3:
   \   0000004A   0x....             LDR.N    R3,??DataTable1_9  ;; 0x4006d000
   \   0000004C   0x4298             CMP      R0,R3
   \   0000004E   0xD108             BNE.N    ??uart_init_4
     43          	{
     44          		//在PTC17上使能UART3_TXD功能
     45          		PORTC_PCR17 = PORT_PCR_MUX(0x3); 
   \   00000050   0x....             LDR.N    R3,??DataTable1_10  ;; 0x4004b044
   \   00000052   0xF44F 0x7440      MOV      R4,#+768
   \   00000056   0x601C             STR      R4,[R3, #+0]
     46          		//在PTC16上使能UART3_RXD
     47          		PORTC_PCR16 = PORT_PCR_MUX(0x3); 
   \   00000058   0x....             LDR.N    R3,??DataTable1_11  ;; 0x4004b040
   \   0000005A   0xF44F 0x7440      MOV      R4,#+768
   \   0000005E   0x601C             STR      R4,[R3, #+0]
   \   00000060   0xE016             B.N      ??uart_init_1
     48          	}else if (uartch == UART4_BASE_PTR)
   \                     ??uart_init_4:
   \   00000062   0x....             LDR.N    R3,??DataTable1_12  ;; 0x400ea000
   \   00000064   0x4298             CMP      R0,R3
   \   00000066   0xD108             BNE.N    ??uart_init_5
     49          	{
     50          		//在PTE24上使能UART4_TXD功能
     51          		PORTE_PCR24 = PORT_PCR_MUX(0x3); 
   \   00000068   0x....             LDR.N    R3,??DataTable1_13  ;; 0x4004d060
   \   0000006A   0xF44F 0x7440      MOV      R4,#+768
   \   0000006E   0x601C             STR      R4,[R3, #+0]
     52          		//在PTE25上使能UART4_RXD
     53          		PORTE_PCR25 = PORT_PCR_MUX(0x3); 
   \   00000070   0x....             LDR.N    R3,??DataTable1_14  ;; 0x4004d064
   \   00000072   0xF44F 0x7440      MOV      R4,#+768
   \   00000076   0x601C             STR      R4,[R3, #+0]
   \   00000078   0xE00A             B.N      ??uart_init_1
     54          	}else if (uartch == UART5_BASE_PTR)
   \                     ??uart_init_5:
   \   0000007A   0x....             LDR.N    R3,??DataTable1_15  ;; 0x400eb000
   \   0000007C   0x4298             CMP      R0,R3
   \   0000007E   0xD107             BNE.N    ??uart_init_1
     55          	{
     56          		//在PTE8上使能UART5_TXD功能
     57          		PORTD_PCR9 = PORT_PCR_MUX(0x3); 
   \   00000080   0x....             LDR.N    R3,??DataTable1_16  ;; 0x4004c024
   \   00000082   0xF44F 0x7440      MOV      R4,#+768
   \   00000086   0x601C             STR      R4,[R3, #+0]
     58          		//在PTE9上使能UART5_RXD
     59          		PORTD_PCR8 = PORT_PCR_MUX(0x3); 
   \   00000088   0x....             LDR.N    R3,??DataTable1_17  ;; 0x4004c020
   \   0000008A   0xF44F 0x7440      MOV      R4,#+768
   \   0000008E   0x601C             STR      R4,[R3, #+0]
     60          	}
     61          	 
     62          	//使能串口时钟    
     63          	if(uartch == UART0_BASE_PTR)
   \                     ??uart_init_1:
   \   00000090   0x....             LDR.N    R3,??DataTable1  ;; 0x4006a000
   \   00000092   0x4298             CMP      R0,R3
   \   00000094   0xD106             BNE.N    ??uart_init_6
     64          		SIM_SCGC4 |= SIM_SCGC4_UART0_MASK;
   \   00000096   0x....             LDR.N    R3,??DataTable1_18  ;; 0x40048034
   \   00000098   0x681B             LDR      R3,[R3, #+0]
   \   0000009A   0xF453 0x6380      ORRS     R3,R3,#0x400
   \   0000009E   0x....             LDR.N    R4,??DataTable1_18  ;; 0x40048034
   \   000000A0   0x6023             STR      R3,[R4, #+0]
   \   000000A2   0xE02D             B.N      ??uart_init_7
     65          	else
     66          		if (uartch == UART1_BASE_PTR)
   \                     ??uart_init_6:
   \   000000A4   0x....             LDR.N    R3,??DataTable1_3  ;; 0x4006b000
   \   000000A6   0x4298             CMP      R0,R3
   \   000000A8   0xD106             BNE.N    ??uart_init_8
     67          			SIM_SCGC4 |= SIM_SCGC4_UART1_MASK;
   \   000000AA   0x....             LDR.N    R3,??DataTable1_18  ;; 0x40048034
   \   000000AC   0x681B             LDR      R3,[R3, #+0]
   \   000000AE   0xF453 0x6300      ORRS     R3,R3,#0x800
   \   000000B2   0x....             LDR.N    R4,??DataTable1_18  ;; 0x40048034
   \   000000B4   0x6023             STR      R3,[R4, #+0]
   \   000000B6   0xE023             B.N      ??uart_init_7
     68          		else
     69          			if (uartch == UART2_BASE_PTR)
   \                     ??uart_init_8:
   \   000000B8   0x....             LDR.N    R3,??DataTable1_6  ;; 0x4006c000
   \   000000BA   0x4298             CMP      R0,R3
   \   000000BC   0xD106             BNE.N    ??uart_init_9
     70          				SIM_SCGC4 |= SIM_SCGC4_UART2_MASK;
   \   000000BE   0x....             LDR.N    R3,??DataTable1_18  ;; 0x40048034
   \   000000C0   0x681B             LDR      R3,[R3, #+0]
   \   000000C2   0xF453 0x5380      ORRS     R3,R3,#0x1000
   \   000000C6   0x....             LDR.N    R4,??DataTable1_18  ;; 0x40048034
   \   000000C8   0x6023             STR      R3,[R4, #+0]
   \   000000CA   0xE019             B.N      ??uart_init_7
     71          			else
     72          				if(uartch == UART3_BASE_PTR)
   \                     ??uart_init_9:
   \   000000CC   0x....             LDR.N    R3,??DataTable1_9  ;; 0x4006d000
   \   000000CE   0x4298             CMP      R0,R3
   \   000000D0   0xD106             BNE.N    ??uart_init_10
     73          					SIM_SCGC4 |= SIM_SCGC4_UART3_MASK;
   \   000000D2   0x....             LDR.N    R3,??DataTable1_18  ;; 0x40048034
   \   000000D4   0x681B             LDR      R3,[R3, #+0]
   \   000000D6   0xF453 0x5300      ORRS     R3,R3,#0x2000
   \   000000DA   0x....             LDR.N    R4,??DataTable1_18  ;; 0x40048034
   \   000000DC   0x6023             STR      R3,[R4, #+0]
   \   000000DE   0xE00F             B.N      ??uart_init_7
     74          				else
     75          					if(uartch == UART4_BASE_PTR)
   \                     ??uart_init_10:
   \   000000E0   0x....             LDR.N    R3,??DataTable1_12  ;; 0x400ea000
   \   000000E2   0x4298             CMP      R0,R3
   \   000000E4   0xD106             BNE.N    ??uart_init_11
     76          						SIM_SCGC1 |= SIM_SCGC1_UART4_MASK;
   \   000000E6   0x....             LDR.N    R3,??DataTable1_19  ;; 0x40048028
   \   000000E8   0x681B             LDR      R3,[R3, #+0]
   \   000000EA   0xF453 0x6380      ORRS     R3,R3,#0x400
   \   000000EE   0x....             LDR.N    R4,??DataTable1_19  ;; 0x40048028
   \   000000F0   0x6023             STR      R3,[R4, #+0]
   \   000000F2   0xE005             B.N      ??uart_init_7
     77          					else
     78          						SIM_SCGC1 |= SIM_SCGC1_UART5_MASK;
   \                     ??uart_init_11:
   \   000000F4   0x....             LDR.N    R3,??DataTable1_19  ;; 0x40048028
   \   000000F6   0x681B             LDR      R3,[R3, #+0]
   \   000000F8   0xF453 0x6300      ORRS     R3,R3,#0x800
   \   000000FC   0x....             LDR.N    R4,??DataTable1_19  ;; 0x40048028
   \   000000FE   0x6023             STR      R3,[R4, #+0]
     79          								
     80          	//禁止发送接受
     81          	UART_C2_REG(uartch) &= ~(UART_C2_TE_MASK
     82          				| UART_C2_RE_MASK );
   \                     ??uart_init_7:
   \   00000100   0x78C3             LDRB     R3,[R0, #+3]
   \   00000102   0xF013 0x03F3      ANDS     R3,R3,#0xF3
   \   00000106   0x70C3             STRB     R3,[R0, #+3]
     83          	
     84          	//配置成8位无校验模式
     85          	UART_C1_REG(uartch) = 0;
   \   00000108   0x2300             MOVS     R3,#+0
   \   0000010A   0x7083             STRB     R3,[R0, #+2]
     86          	
     87          	//计算波特率，串口0、1使用内核时钟，其它串口使用外设时钟，系统时钟为
     88          	//外设时钟的2倍
     89          	if ((uartch == UART0_BASE_PTR) | (uartch == UART1_BASE_PTR))//
   \   0000010C   0x....             LDR.N    R3,??DataTable1  ;; 0x4006a000
   \   0000010E   0x4298             CMP      R0,R3
   \   00000110   0xD008             BEQ.N    ??uart_init_12
   \   00000112   0x2300             MOVS     R3,#+0
   \   00000114   0x....             LDR.N    R4,??DataTable1_3  ;; 0x4006b000
   \   00000116   0x42A0             CMP      R0,R4
   \   00000118   0xD004             BEQ.N    ??uart_init_12
   \   0000011A   0xF053 0x0300      ORRS     R3,R3,#0x0
   \   0000011E   0xB2DB             UXTB     R3,R3            ;; ZeroExt  R3,R3,#+24,#+24
   \   00000120   0x2B00             CMP      R3,#+0
   \   00000122   0xD000             BEQ.N    ??uart_init_13
     90          		sysclk+=sysclk;
   \                     ??uart_init_12:
   \   00000124   0x1849             ADDS     R1,R1,R1
     91          	
     92          	sbr = (uint16)((sysclk*1000)/(baud * 16));
   \                     ??uart_init_13:
   \   00000126   0xF44F 0x737A      MOV      R3,#+1000
   \   0000012A   0xFB03 0xF301      MUL      R3,R3,R1
   \   0000012E   0x0114             LSLS     R4,R2,#+4
   \   00000130   0xFBB3 0xF3F4      UDIV     R3,R3,R4
     93          	temp = UART_BDH_REG(uartch) & ~(UART_BDH_SBR(0x1F));
   \   00000134   0x7804             LDRB     R4,[R0, #+0]
   \   00000136   0xF014 0x04E0      ANDS     R4,R4,#0xE0
     94          	UART_BDH_REG(uartch) = temp |  UART_BDH_SBR(((sbr & 0x1F00) >> 8));
   \   0000013A   0xB29B             UXTH     R3,R3            ;; ZeroExt  R3,R3,#+16,#+16
   \   0000013C   0x0A1D             LSRS     R5,R3,#+8
   \   0000013E   0xF015 0x051F      ANDS     R5,R5,#0x1F
   \   00000142   0x432C             ORRS     R4,R5,R4
   \   00000144   0x7004             STRB     R4,[R0, #+0]
     95          	UART_BDL_REG(uartch) = (uint8)(sbr & UART_BDL_SBR_MASK);
   \   00000146   0x7043             STRB     R3,[R0, #+1]
     96          	brfa = (((sysclk*32000)/(baud * 16)) - (sbr * 32));
   \   00000148   0xF44F 0x44FA      MOV      R4,#+32000
   \   0000014C   0x4361             MULS     R1,R4,R1
   \   0000014E   0x0112             LSLS     R2,R2,#+4
   \   00000150   0xFBB1 0xF1F2      UDIV     R1,R1,R2
   \   00000154   0xB29B             UXTH     R3,R3            ;; ZeroExt  R3,R3,#+16,#+16
   \   00000156   0xEBB1 0x1143      SUBS     R1,R1,R3, LSL #+5
     97          	temp = UART_C4_REG(uartch) & ~(UART_C4_BRFA(0x1F));
   \   0000015A   0x7A82             LDRB     R2,[R0, #+10]
   \   0000015C   0xF012 0x04E0      ANDS     R4,R2,#0xE0
     98          	UART_C4_REG(uartch) = temp |  UART_C4_BRFA(brfa);    
   \   00000160   0xF011 0x011F      ANDS     R1,R1,#0x1F
   \   00000164   0x4321             ORRS     R1,R1,R4
   \   00000166   0x7281             STRB     R1,[R0, #+10]
     99          	
    100          	//使能发送接受
    101          	UART_C2_REG(uartch) |= (UART_C2_TE_MASK
    102          				| UART_C2_RE_MASK );
   \   00000168   0x78C1             LDRB     R1,[R0, #+3]
   \   0000016A   0xF051 0x010C      ORRS     R1,R1,#0xC
   \   0000016E   0x70C1             STRB     R1,[R0, #+3]
    103          }
   \   00000170   0xBC30             POP      {R4,R5}
   \   00000172   0x4770             BX       LR               ;; return
    104          

   \                                 In section .text, align 2, keep-with-next
    105          void UART5_Init(void)
    106          {
   \                     UART5_Init:
   \   00000000   0xB410             PUSH     {R4}
    107          	unsigned long uartclk_khz=45000;//时钟180MHz
   \   00000002   0xF64A 0x70C8      MOVW     R0,#+45000
    108          	unsigned long baud=115200;//波特率256000
   \   00000006   0xF45F 0x31E1      MOVS     R1,#+115200
    109          	unsigned short sbr,brfa;
    110          	PORTD_PCR8|=PORT_PCR_MUX(3);//将D6引脚设置为模式3，即UART0_RX
   \   0000000A   0x....             LDR.N    R2,??DataTable1_17  ;; 0x4004c020
   \   0000000C   0x6812             LDR      R2,[R2, #+0]
   \   0000000E   0xF44F 0x7340      MOV      R3,#+768
   \   00000012   0x431A             ORRS     R2,R3,R2
   \   00000014   0x....             LDR.N    R3,??DataTable1_17  ;; 0x4004c020
   \   00000016   0x601A             STR      R2,[R3, #+0]
    111          	PORTD_PCR9|=PORT_PCR_MUX(3);//将D7引脚设置为模式3，即UART0_TX
   \   00000018   0x....             LDR.N    R2,??DataTable1_16  ;; 0x4004c024
   \   0000001A   0x6812             LDR      R2,[R2, #+0]
   \   0000001C   0xF44F 0x7340      MOV      R3,#+768
   \   00000020   0x431A             ORRS     R2,R3,R2
   \   00000022   0x....             LDR.N    R3,??DataTable1_16  ;; 0x4004c024
   \   00000024   0x601A             STR      R2,[R3, #+0]
    112          	SIM_SCGC1|=SIM_SCGC1_UART5_MASK;//开启UART0时钟
   \   00000026   0x....             LDR.N    R2,??DataTable1_19  ;; 0x40048028
   \   00000028   0x6812             LDR      R2,[R2, #+0]
   \   0000002A   0xF452 0x6200      ORRS     R2,R2,#0x800
   \   0000002E   0x....             LDR.N    R3,??DataTable1_19  ;; 0x40048028
   \   00000030   0x601A             STR      R2,[R3, #+0]
    113          	sbr=(unsigned short)((uartclk_khz*1000)/(baud*16));//计算并设置波特率
   \   00000032   0xF44F 0x727A      MOV      R2,#+1000
   \   00000036   0xFB02 0xF200      MUL      R2,R2,R0
   \   0000003A   0x010B             LSLS     R3,R1,#+4
   \   0000003C   0xFBB2 0xF2F3      UDIV     R2,R2,R3
    114          	
    115          	UART5_BDH=(unsigned char)((sbr&0x1F00)>>8);
   \   00000040   0xB292             UXTH     R2,R2            ;; ZeroExt  R2,R2,#+16,#+16
   \   00000042   0x1213             ASRS     R3,R2,#+8
   \   00000044   0xF013 0x031F      ANDS     R3,R3,#0x1F
   \   00000048   0x....             LDR.N    R4,??DataTable1_15  ;; 0x400eb000
   \   0000004A   0x7023             STRB     R3,[R4, #+0]
    116          	UART5_BDL=(unsigned char)(sbr&0x00FF);
   \   0000004C   0x....             LDR.N    R3,??DataTable1_20  ;; 0x400eb001
   \   0000004E   0x701A             STRB     R2,[R3, #+0]
    117          	brfa = (((uartclk_khz*32000)/(baud*16))-(sbr*32));
   \   00000050   0xF44F 0x43FA      MOV      R3,#+32000
   \   00000054   0x4358             MULS     R0,R3,R0
   \   00000056   0x0109             LSLS     R1,R1,#+4
   \   00000058   0xFBB0 0xF0F1      UDIV     R0,R0,R1
   \   0000005C   0xB292             UXTH     R2,R2            ;; ZeroExt  R2,R2,#+16,#+16
   \   0000005E   0xEBB0 0x1042      SUBS     R0,R0,R2, LSL #+5
    118          	UART0_C4 = (unsigned char)(brfa & 0x001F);
   \   00000062   0xF010 0x001F      ANDS     R0,R0,#0x1F
   \   00000066   0x....             LDR.N    R1,??DataTable1_21  ;; 0x4006a00a
   \   00000068   0x7008             STRB     R0,[R1, #+0]
    119          	UART0_C2|=(UART_C2_TE_MASK|UART_C2_RE_MASK);
   \   0000006A   0x....             LDR.N    R0,??DataTable1_22  ;; 0x4006a003
   \   0000006C   0x7800             LDRB     R0,[R0, #+0]
   \   0000006E   0xF050 0x000C      ORRS     R0,R0,#0xC
   \   00000072   0x....             LDR.N    R1,??DataTable1_22  ;; 0x4006a003
   \   00000074   0x7008             STRB     R0,[R1, #+0]
    120          	UART0_C1=0;	
   \   00000076   0x....             LDR.N    R0,??DataTable1_23  ;; 0x4006a002
   \   00000078   0x2100             MOVS     R1,#+0
   \   0000007A   0x7001             STRB     R1,[R0, #+0]
    121          }
   \   0000007C   0xBC10             POP      {R4}
   \   0000007E   0x4770             BX       LR               ;; return
    122          //-------------------------------------------------------------------------*
    123          //函数名: uart_re1                                                         *
    124          //功  能: 串行接受1个字节                                                  *
    125          //参  数: uartch: 串口号                                                   *
    126          //         ch:    接收到的字节                                             *
    127          //返  回: 成功:1;失败:0                                                    *
    128          //说  明:                                                                  *
    129          //-------------------------------------------------------------------------*

   \                                 In section .text, align 2, keep-with-next
    130          uint8 uart_re1 (UART_MemMapPtr uartch,uint8 *ch)
    131          {
    132              uint32 k;
    133              
    134              for (k = 0; k < 0xfbbb; k++)//有时间限制
   \                     uart_re1:
   \   00000000   0x2200             MOVS     R2,#+0
   \   00000002   0xE000             B.N      ??uart_re1_0
   \                     ??uart_re1_1:
   \   00000004   0x1C52             ADDS     R2,R2,#+1
   \                     ??uart_re1_0:
   \   00000006   0xF64F 0x33BB      MOVW     R3,#+64443
   \   0000000A   0x429A             CMP      R2,R3
   \   0000000C   0xD206             BCS.N    ??uart_re1_2
    135          		if((UART_S1_REG(uartch) & UART_S1_RDRF_MASK)!= 0)//判断接收缓冲区是否满
   \   0000000E   0x7903             LDRB     R3,[R0, #+4]
   \   00000010   0x069B             LSLS     R3,R3,#+26
   \   00000012   0xD5F7             BPL.N    ??uart_re1_1
    136          		{
    137          			*ch = UART_D_REG(uartch);
   \   00000014   0x79C0             LDRB     R0,[R0, #+7]
   \   00000016   0x7008             STRB     R0,[R1, #+0]
    138          			return 1; 			//接受成功
   \   00000018   0x2001             MOVS     R0,#+1
   \   0000001A   0xE006             B.N      ??uart_re1_3
    139          		} 
    140          	if(k>=0xfbbb) 
   \                     ??uart_re1_2:
   \   0000001C   0xF64F 0x30BB      MOVW     R0,#+64443
   \   00000020   0x4282             CMP      R2,R0
   \   00000022   0xD301             BCC.N    ??uart_re1_4
    141          	{
    142          		return 0;			//接受失败
   \   00000024   0x2000             MOVS     R0,#+0
   \   00000026   0xE000             B.N      ??uart_re1_3
    143          	} 
    144              return 0;
   \                     ??uart_re1_4:
   \   00000028   0x2000             MOVS     R0,#+0
   \                     ??uart_re1_3:
   \   0000002A   0x4770             BX       LR               ;; return
    145          }
    146          
    147          //-------------------------------------------------------------------------*
    148          //函数名: uart_send1                                                       *
    149          //功  能: 串行发送1个字节                                                  *
    150          //参  数: uartch: 串口号                                                   *
    151          //         ch:    要发送的字节                                             *
    152          //返  回: 无                                                               *
    153          //说  明:                                                                  *
    154          //-------------------------------------------------------------------------*

   \                                 In section .text, align 2, keep-with-next
    155          void uart_send1 (UART_MemMapPtr uartch, uint8 ch)
    156          {
    157              //等待发送缓冲区空
    158              while(!(UART_S1_REG(uartch) & UART_S1_TDRE_MASK));
   \                     uart_send1:
   \                     ??uart_send1_0:
   \   00000000   0x7902             LDRB     R2,[R0, #+4]
   \   00000002   0x0612             LSLS     R2,R2,#+24
   \   00000004   0xD5FC             BPL.N    ??uart_send1_0
    159              //发送数据
    160              UART_D_REG(uartch) = (uint8)ch;
   \   00000006   0x71C1             STRB     R1,[R0, #+7]
    161           }
   \   00000008   0x4770             BX       LR               ;; return
    162          
    163          //-------------------------------------------------------------------------*
    164          //函数名: uart_reN                                                         *
    165          //功  能: 串行 接收n个字节                                                 *
    166          //参  数: uartch: 串口号                                                   *
    167          //        buff: 接收缓冲区                                                 *
    168          //		  len:接收长度                                             *
    169          //返  回: 1:成功;0:失败                                                    *
    170          //说  明:                                                                  *
    171          //-------------------------------------------------------------------------*

   \                                 In section .text, align 2, keep-with-next
    172          uint8 uart_reN (UART_MemMapPtr uartch ,uint8* buff,uint16 len)
    173          {
   \                     uart_reN:
   \   00000000   0xB5F8             PUSH     {R3-R7,LR}
   \   00000002   0x0004             MOVS     R4,R0
   \   00000004   0x000D             MOVS     R5,R1
   \   00000006   0x0016             MOVS     R6,R2
    174              uint16 m=0; 
   \   00000008   0x2700             MOVS     R7,#+0
   \   0000000A   0xE000             B.N      ??uart_reN_0
    175              while (m < len)
    176              { 	          
    177            	    if(0==uart_re1(uartch,&buff[m]))
    178            	    	return 0;  //接收失败
    179            	    else m++;
   \                     ??uart_reN_1:
   \   0000000C   0x1C7F             ADDS     R7,R7,#+1
   \                     ??uart_reN_0:
   \   0000000E   0xB2BF             UXTH     R7,R7            ;; ZeroExt  R7,R7,#+16,#+16
   \   00000010   0xB2B6             UXTH     R6,R6            ;; ZeroExt  R6,R6,#+16,#+16
   \   00000012   0x42B7             CMP      R7,R6
   \   00000014   0xD208             BCS.N    ??uart_reN_2
   \   00000016   0xB2BF             UXTH     R7,R7            ;; ZeroExt  R7,R7,#+16,#+16
   \   00000018   0x1979             ADDS     R1,R7,R5
   \   0000001A   0x0020             MOVS     R0,R4
   \   0000001C   0x.... 0x....      BL       uart_re1
   \   00000020   0x2800             CMP      R0,#+0
   \   00000022   0xD1F3             BNE.N    ??uart_reN_1
   \   00000024   0x2000             MOVS     R0,#+0
   \   00000026   0xE000             B.N      ??uart_reN_3
    180              } 
    181              
    182              return 1;          //接收成功
   \                     ??uart_reN_2:
   \   00000028   0x2001             MOVS     R0,#+1
   \                     ??uart_reN_3:
   \   0000002A   0xBDF2             POP      {R1,R4-R7,PC}    ;; return
    183              
    184          }
    185          
    186          //-------------------------------------------------------------------------*
    187          //函数名: uart_sendN                                                       *
    188          //功  能: 串行 接收n个字节                                                 *
    189          //参  数: uartch: 串口号                                                   *
    190          //        buff: 发送缓冲区                                                 *
    191          //		  len:发送长度                                             *
    192          //返  回: 无                                                               *
    193          //说  明:                                                                  *
    194          //-------------------------------------------------------------------------*

   \                                 In section .text, align 2, keep-with-next
    195          void uart_sendN (UART_MemMapPtr uartch ,uint8* buff,uint16 len)
    196          {
   \                     uart_sendN:
   \   00000000   0xB5F8             PUSH     {R3-R7,LR}
   \   00000002   0x0004             MOVS     R4,R0
   \   00000004   0x000D             MOVS     R5,R1
   \   00000006   0x0016             MOVS     R6,R2
    197              int i;
    198          	for(i=0;i<len;i++)
   \   00000008   0x2700             MOVS     R7,#+0
   \   0000000A   0xE004             B.N      ??uart_sendN_0
    199              {
    200          		uart_send1(uartch,buff[i]);
   \                     ??uart_sendN_1:
   \   0000000C   0x5D79             LDRB     R1,[R7, R5]
   \   0000000E   0x0020             MOVS     R0,R4
   \   00000010   0x.... 0x....      BL       uart_send1
    201              }
   \   00000014   0x1C7F             ADDS     R7,R7,#+1
   \                     ??uart_sendN_0:
   \   00000016   0xB2B6             UXTH     R6,R6            ;; ZeroExt  R6,R6,#+16,#+16
   \   00000018   0x42B7             CMP      R7,R6
   \   0000001A   0xDBF7             BLT.N    ??uart_sendN_1
    202          }
   \   0000001C   0xBDF1             POP      {R0,R4-R7,PC}    ;; return
    203          
    204          //-------------------------------------------------------------------------*
    205          //函数名: enableuartreint                                                  *
    206          //功  能: 开串口接收中断                                                   *
    207          //参  数: uartch: 串口号                                                   *
    208          //        irqno: 对应irq号                                                 *
    209          //返  回: 无                                                               *
    210          //说  明:                                                                  *
    211          //-------------------------------------------------------------------------*

   \                                 In section .text, align 2, keep-with-next
    212          void enableuartreint(UART_MemMapPtr uartch,uint8 irqno)
    213          {
   \                     enableuartreint:
   \   00000000   0xB580             PUSH     {R7,LR}
    214          	UART_C2_REG(uartch)|=UART_C2_RIE_MASK;   //开放UART接收中断
   \   00000002   0x78C2             LDRB     R2,[R0, #+3]
   \   00000004   0xF052 0x0220      ORRS     R2,R2,#0x20
   \   00000008   0x70C2             STRB     R2,[R0, #+3]
    215          	enable_irq(irqno);			 //开接收引脚的IRQ中断
   \   0000000A   0xB2C9             UXTB     R1,R1            ;; ZeroExt  R1,R1,#+24,#+24
   \   0000000C   0x0008             MOVS     R0,R1
   \   0000000E   0x.... 0x....      BL       enable_irq
    216          }
   \   00000012   0xBD01             POP      {R0,PC}          ;; return
    217          
    218          //-------------------------------------------------------------------------*
    219          //函数名: disableuartreint                                                 *
    220          //功  能: 关串口接收中断                                                   *
    221          //参  数: uartch: 串口号                                                   *
    222          //        irqno: 对应irq号                                                 *
    223          //返  回: 无                                                               *
    224          //说  明:                                                                  *
    225          //-------------------------------------------------------------------------*

   \                                 In section .text, align 2, keep-with-next
    226          void disableuartreint(UART_MemMapPtr uartch,uint8 irqno)
    227          {
   \                     disableuartreint:
   \   00000000   0xB580             PUSH     {R7,LR}
    228          	UART_C2_REG(uartch)&=~UART_C2_RIE_MASK;   //禁止UART接收中断
   \   00000002   0x78C2             LDRB     R2,[R0, #+3]
   \   00000004   0xF012 0x02DF      ANDS     R2,R2,#0xDF
   \   00000008   0x70C2             STRB     R2,[R0, #+3]
    229          	disable_irq(irqno);			  //关接收引脚的IRQ中断
   \   0000000A   0xB2C9             UXTB     R1,R1            ;; ZeroExt  R1,R1,#+24,#+24
   \   0000000C   0x0008             MOVS     R0,R1
   \   0000000E   0x.... 0x....      BL       disable_irq
    230          }
   \   00000012   0xBD01             POP      {R0,PC}          ;; return

   \                                 In section .text, align 4, keep-with-next
   \                     ??DataTable1:
   \   00000000   0x4006A000         DC32     0x4006a000

   \                                 In section .text, align 4, keep-with-next
   \                     ??DataTable1_1:
   \   00000000   0x4004C018         DC32     0x4004c018

   \                                 In section .text, align 4, keep-with-next
   \                     ??DataTable1_2:
   \   00000000   0x4004C01C         DC32     0x4004c01c

   \                                 In section .text, align 4, keep-with-next
   \                     ??DataTable1_3:
   \   00000000   0x4006B000         DC32     0x4006b000

   \                                 In section .text, align 4, keep-with-next
   \                     ??DataTable1_4:
   \   00000000   0x4004B010         DC32     0x4004b010

   \                                 In section .text, align 4, keep-with-next
   \                     ??DataTable1_5:
   \   00000000   0x4004B00C         DC32     0x4004b00c

   \                                 In section .text, align 4, keep-with-next
   \                     ??DataTable1_6:
   \   00000000   0x4006C000         DC32     0x4006c000

   \                                 In section .text, align 4, keep-with-next
   \                     ??DataTable1_7:
   \   00000000   0x4004C00C         DC32     0x4004c00c

   \                                 In section .text, align 4, keep-with-next
   \                     ??DataTable1_8:
   \   00000000   0x4004C008         DC32     0x4004c008

   \                                 In section .text, align 4, keep-with-next
   \                     ??DataTable1_9:
   \   00000000   0x4006D000         DC32     0x4006d000

   \                                 In section .text, align 4, keep-with-next
   \                     ??DataTable1_10:
   \   00000000   0x4004B044         DC32     0x4004b044

   \                                 In section .text, align 4, keep-with-next
   \                     ??DataTable1_11:
   \   00000000   0x4004B040         DC32     0x4004b040

   \                                 In section .text, align 4, keep-with-next
   \                     ??DataTable1_12:
   \   00000000   0x400EA000         DC32     0x400ea000

   \                                 In section .text, align 4, keep-with-next
   \                     ??DataTable1_13:
   \   00000000   0x4004D060         DC32     0x4004d060

   \                                 In section .text, align 4, keep-with-next
   \                     ??DataTable1_14:
   \   00000000   0x4004D064         DC32     0x4004d064

   \                                 In section .text, align 4, keep-with-next
   \                     ??DataTable1_15:
   \   00000000   0x400EB000         DC32     0x400eb000

   \                                 In section .text, align 4, keep-with-next
   \                     ??DataTable1_16:
   \   00000000   0x4004C024         DC32     0x4004c024

   \                                 In section .text, align 4, keep-with-next
   \                     ??DataTable1_17:
   \   00000000   0x4004C020         DC32     0x4004c020

   \                                 In section .text, align 4, keep-with-next
   \                     ??DataTable1_18:
   \   00000000   0x40048034         DC32     0x40048034

   \                                 In section .text, align 4, keep-with-next
   \                     ??DataTable1_19:
   \   00000000   0x40048028         DC32     0x40048028

   \                                 In section .text, align 4, keep-with-next
   \                     ??DataTable1_20:
   \   00000000   0x400EB001         DC32     0x400eb001

   \                                 In section .text, align 4, keep-with-next
   \                     ??DataTable1_21:
   \   00000000   0x4006A00A         DC32     0x4006a00a

   \                                 In section .text, align 4, keep-with-next
   \                     ??DataTable1_22:
   \   00000000   0x4006A003         DC32     0x4006a003

   \                                 In section .text, align 4, keep-with-next
   \                     ??DataTable1_23:
   \   00000000   0x4006A002         DC32     0x4006a002
    231          
    232          
    233          
    234          
    235          
    236          
    237          
    238          
    239          
    240          
    241          
    242          
    243          
    244          
    245          

   Maximum stack usage in bytes:

   .cstack Function
   ------- --------
        4  UART5_Init
        8  disableuartreint
              8 -> disable_irq
        8  enableuartreint
              8 -> enable_irq
        8  uart_init
        0  uart_re1
       24  uart_reN
             24 -> uart_re1
        0  uart_send1
       24  uart_sendN
             24 -> uart_send1


   Section sizes:

   Bytes  Function/Label
   -----  --------------
       4  ??DataTable1
       4  ??DataTable1_1
       4  ??DataTable1_10
       4  ??DataTable1_11
       4  ??DataTable1_12
       4  ??DataTable1_13
       4  ??DataTable1_14
       4  ??DataTable1_15
       4  ??DataTable1_16
       4  ??DataTable1_17
       4  ??DataTable1_18
       4  ??DataTable1_19
       4  ??DataTable1_2
       4  ??DataTable1_20
       4  ??DataTable1_21
       4  ??DataTable1_22
       4  ??DataTable1_23
       4  ??DataTable1_3
       4  ??DataTable1_4
       4  ??DataTable1_5
       4  ??DataTable1_6
       4  ??DataTable1_7
       4  ??DataTable1_8
       4  ??DataTable1_9
     128  UART5_Init
      20  disableuartreint
      20  enableuartreint
     372  uart_init
      44  uart_re1
      44  uart_reN
      10  uart_send1
      30  uart_sendN

 
 764 bytes in section .text
 
 764 bytes of CODE memory

Errors: none
Warnings: none
